#
# A fatal error has been detected by the Java Runtime Environment:
#
#  SIGSEGV (0xb) at pc=0x00007169a7a70d5e, pid=11893, tid=11909
#
# JRE version: OpenJDK Runtime Environment (11.0.22+7) (build 11.0.22+7-post-Ubuntu-0ubuntu222.04.1)
# Java VM: OpenJDK 64-Bit Server VM (11.0.22+7-post-Ubuntu-0ubuntu222.04.1, mixed mode, sharing, tiered, compressed oops, g1 gc, linux-amd64)
# Problematic frame:
# V  [libjvm.so+0x670d5e]  ConstantPool::impl_signature_ref_at(int, bool)+0x7e
#
# Core dump will be written. Default location: Core dumps may be processed with "/usr/share/apport/apport -p%p -s%s -c%c -d%d -P%P -u%u -g%g -- %E" (or dumping to /home/trab/Bureau/semestre2_M1/Vérification et Validation de Logiciel/tdd/VVL/TDD2024CODE/core.11893)
#
# If you would like to submit a bug report, please visit:
#   https://bugs.launchpad.net/ubuntu/+source/openjdk-lts
#

---------------  S U M M A R Y ------------

Command Line: -agentlib:jdwp=transport=dt_socket,suspend=y,address=localhost:33351 -javaagent:/home/trab/eclipse/java-2023-12/eclipse/configuration/org.eclipse.osgi/243/0/.cp/lib/javaagent-shaded.jar -Dfile.encoding=UTF-8 -Dstdout.encoding=UTF-8 -Dstderr.encoding=UTF-8 vvl.lisp.REPL

Host: Intel(R) Core(TM) i5-5300U CPU @ 2.30GHz, 4 cores, 7G, Ubuntu 22.04.4 LTS
Time: Fri Mar 22 09:54:29 2024 CET elapsed time: 7635.795507 seconds (0d 2h 7m 15s)

---------------  T H R E A D  ---------------

Current thread (0x00007169a0176000):  VMThread "VM Thread" [stack: 0x00007169735ff000,0x00007169736ff000] [id=11909]

Stack: [0x00007169735ff000,0x00007169736ff000],  sp=0x00007169736fcf78,  free space=1015k
Native frames: (J=compiled Java code, A=aot compiled Java code, j=interpreted, Vv=VM code, C=native code)
V  [libjvm.so+0x670d5e]  ConstantPool::impl_signature_ref_at(int, bool)+0x7e
V  [libjvm.so+0x7e8dc6]  GenerateOopMap::interp_bb(BasicBlock*)+0x1f6
V  [libjvm.so+0x7e9a61]  GenerateOopMap::do_interpretation()+0xd1
V  [libjvm.so+0x7e9d33]  GenerateOopMap::compute_map(Thread*)+0x293
V  [libjvm.so+0xbe3c46]  OopMapForCacheEntry::compute_map(Thread*) [clone .part.0]+0x56
V  [libjvm.so+0xbe491b]  OopMapCacheEntry::fill(methodHandle const&, int)+0x1cb
V  [libjvm.so+0xbe4e39]  OopMapCache::compute_one_oop_map(methodHandle const&, int, InterpreterOopMap*)+0x69
V  [libjvm.so+0xb8552e]  Method::mask_for(int, InterpreterOopMap*)+0xbe
V  [libjvm.so+0xa15f2e]  VM_GetOrSetLocal::doit()+0x4e
V  [libjvm.so+0xeaf133]  VM_Operation::evaluate()+0xe3
V  [libjvm.so+0xeb50ac]  VMThread::evaluate_operation(VM_Operation*) [clone .constprop.0]+0xbc
V  [libjvm.so+0xeb56cf]  VMThread::loop()+0x53f
V  [libjvm.so+0xeb5a36]  VMThread::run()+0x76
V  [libjvm.so+0xe3d790]  Thread::call_run()+0x140
V  [libjvm.so+0xbf97de]  thread_native_entry(Thread*)+0xee


siginfo: si_signo: 11 (SIGSEGV), si_code: 2 (SEGV_ACCERR), si_addr: 0x000071697c353978

Register to memory mapping:

RAX=0x0000716973b4cf08 is pointing into metadata
RBX=0x00007169736fd660 points into unknown readable memory: 0x00007169a858d340 | 40 d3 58 a8 69 71 00 00
RCX=
[error occurred during error reporting (printing register info), id 0xb, SIGSEGV (0xb) at pc=0x00007169a7b4d32f]

Registers:
RAX=0x0000716973b4cf08, RBX=0x00007169736fd660, RCX=0x00000000ffbbff93, RDX=0x000071697c353978
RSP=0x00007169736fcf78, RBP=0x00007169736fd410, RSI=0x0000000008800d80, RDI=0x0000716973b4cf08
R8 =0x00000000000002ce, R9 =0x0000716973b4eba6, R10=0x0000000000000000, R11=0x0000000000000040
R12=0x00007169736fcf90, R13=0x00000000000002ce, R14=0x00007169736fcfa0, R15=0x0000000000000001
RIP=0x00007169a7a70d5e, EFLAGS=0x0000000000010202, CSGSFS=0x002b000000000033, ERR=0x0000000000000004
  TRAPNO=0x000000000000000e

Top of Stack: (sp=0x00007169736fcf78)
0x00007169736fcf78:   00007169a7be4e44 00007169736fd590
0x00007169736fcf88:   00007169736fcfb0 0000000000000000
0x00007169736fcf98:   00007169a7be4f70 00007169a85898b0
0x00007169736fcfa8:   00000008004d1480 0000000000000014 

Instructions: (pc=0x00007169a7a70d5e)
0x00007169a7a70c5e:   10 48 85 d2 74 2c 85 f6 78 58 48 63 f6 48 c1 e6
0x00007169a7a70c6e:   05 48 8d 54 32 28 48 8b 32 0f b7 f6 0f b7 54 f0
0x00007169a7a70c7e:   42 0f b7 54 d0 40 48 8b 44 d0 40 c3 66 0f 1f 44
0x00007169a7a70c8e:   00 00 48 8b 50 08 48 63 f6 0f b6 54 32 04 80 fa
0x00007169a7a70c9e:   12 74 d9 48 8b 50 08 0f b6 54 32 04 80 fa 11 74
0x00007169a7a70cae:   cb 48 8b 50 08 0f b6 54 32 04 eb c0 66 0f 1f 44
0x00007169a7a70cbe:   00 00 f7 d6 48 63 f6 48 c1 e6 05 48 8d 54 32 28
0x00007169a7a70cce:   48 8b 12 0f b7 d2 0f b7 54 d7 42 eb a4 90 0f 1f
0x00007169a7a70cde:   40 00 f3 0f 1e fa 48 89 f8 84 d2 75 35 48 8b 57
0x00007169a7a70cee:   10 48 85 d2 74 2c 85 f6 78 58 48 63 f6 48 c1 e6
0x00007169a7a70cfe:   05 48 8d 54 32 28 48 8b 32 0f b7 f6 0f b7 54 f0
0x00007169a7a70d0e:   42 0f b7 54 d0 42 48 8b 44 d0 40 c3 66 0f 1f 44
0x00007169a7a70d1e:   00 00 48 8b 50 08 48 63 f6 0f b6 54 32 04 80 fa
0x00007169a7a70d2e:   12 74 d9 48 8b 50 08 0f b6 54 32 04 80 fa 11 74
0x00007169a7a70d3e:   cb 48 8b 50 08 0f b6 54 32 04 eb c0 66 0f 1f 44
0x00007169a7a70d4e:   00 00 f7 d6 48 63 f6 48 c1 e6 05 48 8d 54 32 28
0x00007169a7a70d5e:   48 8b 12 0f b7 d2 0f b7 54 d7 42 eb a4 90 0f 1f
0x00007169a7a70d6e:   40 00 f3 0f 1e fa 48 89 f8 84 d2 75 25 48 8b 57
0x00007169a7a70d7e:   10 48 85 d2 74 1c 85 f6 78 48 48 63 f6 48 c1 e6
0x00007169a7a70d8e:   05 48 8d 54 32 28 48 8b 32 0f b7 f6 0f b7 44 f0
0x00007169a7a70d9e:   42 c3 48 8b 50 08 48 63 f6 0f b6 54 32 04 80 fa
0x00007169a7a70dae:   12 74 e9 48 8b 50 08 0f b6 54 32 04 80 fa 11 74
0x00007169a7a70dbe:   db 48 8b 50 08 0f b6 54 32 04 0f b7 44 f0 42 c3
0x00007169a7a70dce:   66 90 f7 d6 48 63 f6 48 c1 e6 05 48 8d 54 32 28
0x00007169a7a70dde:   48 8b 12 0f b7 d2 0f b7 44 d7 42 c3 66 0f 1f 44
0x00007169a7a70dee:   00 00 f3 0f 1e fa 48 89 f8 84 d2 75 21 48 8b 57
0x00007169a7a70dfe:   10 48 85 d2 74 18 85 f6 79 02 f7 d6 48 63 f6 48
0x00007169a7a70e0e:   c1 e6 05 48 8d 54 32 28 48 8b 32 0f b7 f6 48 8b
0x00007169a7a70e1e:   40 08 48 63 f6 0f b6 44 30 04 c3 90 66 0f 1f 44
0x00007169a7a70e2e:   00 00 f3 0f 1e fa 55 48 89 e5 41 55 49 89 fd 41
0x00007169a7a70e3e:   54 41 89 d4 53 48 63 de 48 83 ec 08 85 db 78 32
0x00007169a7a70e4e:   45 84 e4 75 18 49 8b 45 10 48 85 c0 74 0f 48 c1 


Stack slot to memory mapping:
stack at sp + 0 slots: 0x00007169a7be4e44: <offset 0x00000000007e4e44> in /usr/lib/jvm/java-11-openjdk-amd64/lib/server/libjvm.so at 0x00007169a7400000
stack at sp + 1 slots: 0x00007169736fd590 points into unknown readable memory: 0x00007169736fd5f0 | f0 d5 6f 73 69 71 00 00
stack at sp + 2 slots: 0x00007169736fcfb0 points into unknown readable memory: 0x0000000000000014 | 14 00 00 00 00 00 00 00
stack at sp + 3 slots: 0x0 is NULL
stack at sp + 4 slots: 0x00007169a7be4f70: <offset 0x00000000007e4f70> in /usr/lib/jvm/java-11-openjdk-amd64/lib/server/libjvm.so at 0x00007169a7400000
stack at sp + 5 slots: 0x00007169a85898b0: <offset 0x00000000011898b0> in /usr/lib/jvm/java-11-openjdk-amd64/lib/server/libjvm.so at 0x00007169a7400000
stack at sp + 6 slots: 0x00000008004d1480 is pointing into metadata
stack at sp + 7 slots: 0x0000000000000014 is an unknown value

VM_Operation (0x00007169724fe8b0): GetOrSetLocal, mode: safepoint, requested by thread 0x00007169a0228800


---------------  P R O C E S S  ---------------

Threads class SMR info:
_java_thread_list=0x0000716948000b70, length=12, elements={
0x00007169a0017800, 0x00007169a0178800, 0x00007169a017b000, 0x00007169a0180800,
0x00007169a0182800, 0x00007169a0184800, 0x00007169a0187000, 0x00007169a0189000,
0x00007169a01d6800, 0x00007169a0228800, 0x00007169a022c800, 0x000071693c001800
}

Java Threads: ( => current thread )
  0x00007169a0017800 JavaThread "main" [_thread_blocked, id=11903, stack(0x00007169a8700000,0x00007169a8800000)]
  0x00007169a0178800 JavaThread "Reference Handler" daemon [_thread_blocked, id=11910, stack(0x00007169734fe000,0x00007169735fe000)]
  0x00007169a017b000 JavaThread "Finalizer" daemon [_thread_blocked, id=11911, stack(0x00007169733fe000,0x00007169734fe000)]
  0x00007169a0180800 JavaThread "Signal Dispatcher" daemon [_thread_blocked, id=11912, stack(0x0000716972b00000,0x0000716972c00000)]
  0x00007169a0182800 JavaThread "Service Thread" daemon [_thread_blocked, id=11913, stack(0x0000716972a00000,0x0000716972b00000)]
  0x00007169a0184800 JavaThread "C2 CompilerThread0" daemon [_thread_blocked, id=11914, stack(0x0000716972900000,0x0000716972a00000)]
  0x00007169a0187000 JavaThread "C1 CompilerThread0" daemon [_thread_blocked, id=11915, stack(0x0000716972800000,0x0000716972900000)]
  0x00007169a0189000 JavaThread "Sweeper thread" daemon [_thread_blocked, id=11916, stack(0x0000716972700000,0x0000716972800000)]
  0x00007169a01d6800 JavaThread "Common-Cleaner" daemon [_thread_blocked, id=11917, stack(0x0000716972600000,0x0000716972700000)]
  0x00007169a0228800 JavaThread "JDWP Transport Listener: dt_socket" daemon [_thread_blocked, id=11920, stack(0x0000716972400000,0x0000716972500000)] _threads_hazard_ptr=0x0000716948000b70
  0x00007169a022c800 JavaThread "JDWP Event Helper Thread" daemon [_thread_blocked, id=11923, stack(0x0000716972300000,0x0000716972400000)]
  0x000071693c001800 JavaThread "JDWP Command Reader" daemon [_thread_in_native, id=11924, stack(0x0000716972200000,0x0000716972300000)]

Other Threads:
=>0x00007169a0176000 VMThread "VM Thread" [stack: 0x00007169735ff000,0x00007169736ff000] [id=11909]
  0x00007169a02c9800 WatcherThread [stack: 0x0000716972100000,0x0000716972200000] [id=11926]
  0x00007169a0031000 GCTaskThread "GC Thread#0" [stack: 0x00007169a6e15000,0x00007169a6f15000] [id=11904]
  0x00007169a0061800 ConcurrentGCThread "G1 Main Marker" [stack: 0x000071699ff00000,0x00007169a0000000] [id=11905]
  0x00007169a0063800 ConcurrentGCThread "G1 Conc#0" [stack: 0x0000716988500000,0x0000716988600000] [id=11906]
  0x00007169a00db800 ConcurrentGCThread "G1 Refine#0" [stack: 0x0000716980078000,0x0000716980178000] [id=11907]
  0x00007169a00dd800 ConcurrentGCThread "G1 Young RemSet Sampling" [stack: 0x0000716973f00000,0x0000716974000000] [id=11908]

Threads with active compile tasks:

VM state:at safepoint (normal execution)

VM Mutex/Monitor currently owned by a thread:  ([mutex/lock_event])
[0x00007169a00154e0] Threads_lock - owner thread: 0x00007169a0176000

Heap address: 0x0000000085e00000, size: 1954 MB, Compressed Oops mode: 32-bit
Narrow klass base: 0x0000000800000000, Narrow klass shift: 3
Compressed class space size: 1073741824 Address: 0x0000000840000000

Heap:
 garbage-first heap   total 129024K, used 8912K [0x0000000085e00000, 0x0000000100000000)
  region size 1024K, 9 young (9216K), 0 survivors (0K)
 Metaspace       used 4084K, capacity 5774K, committed 5888K, reserved 1056768K
  class space    used 341K, capacity 475K, committed 512K, reserved 1048576K
Heap Regions: E=young(eden), S=young(survivor), O=old, HS=humongous(starts), HC=humongous(continues), CS=collection set, F=free, A=archive, TAMS=top-at-mark-start (previous, next)
|   0|0x0000000085e00000, 0x0000000085e00000, 0x0000000085f00000|  0%| F|  |TAMS 0x0000000085e00000, 0x0000000085e00000| Untracked 
|   1|0x0000000085f00000, 0x0000000085f00000, 0x0000000086000000|  0%| F|  |TAMS 0x0000000085f00000, 0x0000000085f00000| Untracked 
|   2|0x0000000086000000, 0x0000000086000000, 0x0000000086100000|  0%| F|  |TAMS 0x0000000086000000, 0x0000000086000000| Untracked 
|   3|0x0000000086100000, 0x0000000086100000, 0x0000000086200000|  0%| F|  |TAMS 0x0000000086100000, 0x0000000086100000| Untracked 
|   4|0x0000000086200000, 0x0000000086200000, 0x0000000086300000|  0%| F|  |TAMS 0x0000000086200000, 0x0000000086200000| Untracked 
|   5|0x0000000086300000, 0x0000000086300000, 0x0000000086400000|  0%| F|  |TAMS 0x0000000086300000, 0x0000000086300000| Untracked 
|   6|0x0000000086400000, 0x0000000086400000, 0x0000000086500000|  0%| F|  |TAMS 0x0000000086400000, 0x0000000086400000| Untracked 
|   7|0x0000000086500000, 0x0000000086500000, 0x0000000086600000|  0%| F|  |TAMS 0x0000000086500000, 0x0000000086500000| Untracked 
|   8|0x0000000086600000, 0x0000000086600000, 0x0000000086700000|  0%| F|  |TAMS 0x0000000086600000, 0x0000000086600000| Untracked 
|   9|0x0000000086700000, 0x0000000086700000, 0x0000000086800000|  0%| F|  |TAMS 0x0000000086700000, 0x0000000086700000| Untracked 
|  10|0x0000000086800000, 0x0000000086800000, 0x0000000086900000|  0%| F|  |TAMS 0x0000000086800000, 0x0000000086800000| Untracked 
|  11|0x0000000086900000, 0x0000000086900000, 0x0000000086a00000|  0%| F|  |TAMS 0x0000000086900000, 0x0000000086900000| Untracked 
|  12|0x0000000086a00000, 0x0000000086a00000, 0x0000000086b00000|  0%| F|  |TAMS 0x0000000086a00000, 0x0000000086a00000| Untracked 
|  13|0x0000000086b00000, 0x0000000086b00000, 0x0000000086c00000|  0%| F|  |TAMS 0x0000000086b00000, 0x0000000086b00000| Untracked 
|  14|0x0000000086c00000, 0x0000000086c00000, 0x0000000086d00000|  0%| F|  |TAMS 0x0000000086c00000, 0x0000000086c00000| Untracked 
|  15|0x0000000086d00000, 0x0000000086d00000, 0x0000000086e00000|  0%| F|  |TAMS 0x0000000086d00000, 0x0000000086d00000| Untracked 
|  16|0x0000000086e00000, 0x0000000086e00000, 0x0000000086f00000|  0%| F|  |TAMS 0x0000000086e00000, 0x0000000086e00000| Untracked 
|  17|0x0000000086f00000, 0x0000000086f00000, 0x0000000087000000|  0%| F|  |TAMS 0x0000000086f00000, 0x0000000086f00000| Untracked 
|  18|0x0000000087000000, 0x0000000087000000, 0x0000000087100000|  0%| F|  |TAMS 0x0000000087000000, 0x0000000087000000| Untracked 
|  19|0x0000000087100000, 0x0000000087100000, 0x0000000087200000|  0%| F|  |TAMS 0x0000000087100000, 0x0000000087100000| Untracked 
|  20|0x0000000087200000, 0x0000000087200000, 0x0000000087300000|  0%| F|  |TAMS 0x0000000087200000, 0x0000000087200000| Untracked 
|  21|0x0000000087300000, 0x0000000087300000, 0x0000000087400000|  0%| F|  |TAMS 0x0000000087300000, 0x0000000087300000| Untracked 
|  22|0x0000000087400000, 0x0000000087400000, 0x0000000087500000|  0%| F|  |TAMS 0x0000000087400000, 0x0000000087400000| Untracked 
|  23|0x0000000087500000, 0x0000000087500000, 0x0000000087600000|  0%| F|  |TAMS 0x0000000087500000, 0x0000000087500000| Untracked 
|  24|0x0000000087600000, 0x0000000087600000, 0x0000000087700000|  0%| F|  |TAMS 0x0000000087600000, 0x0000000087600000| Untracked 
|  25|0x0000000087700000, 0x0000000087700000, 0x0000000087800000|  0%| F|  |TAMS 0x0000000087700000, 0x0000000087700000| Untracked 
|  26|0x0000000087800000, 0x0000000087800000, 0x0000000087900000|  0%| F|  |TAMS 0x0000000087800000, 0x0000000087800000| Untracked 
|  27|0x0000000087900000, 0x0000000087900000, 0x0000000087a00000|  0%| F|  |TAMS 0x0000000087900000, 0x0000000087900000| Untracked 
|  28|0x0000000087a00000, 0x0000000087a00000, 0x0000000087b00000|  0%| F|  |TAMS 0x0000000087a00000, 0x0000000087a00000| Untracked 
|  29|0x0000000087b00000, 0x0000000087b00000, 0x0000000087c00000|  0%| F|  |TAMS 0x0000000087b00000, 0x0000000087b00000| Untracked 
|  30|0x0000000087c00000, 0x0000000087c00000, 0x0000000087d00000|  0%| F|  |TAMS 0x0000000087c00000, 0x0000000087c00000| Untracked 
|  31|0x0000000087d00000, 0x0000000087d00000, 0x0000000087e00000|  0%| F|  |TAMS 0x0000000087d00000, 0x0000000087d00000| Untracked 
|  32|0x0000000087e00000, 0x0000000087e00000, 0x0000000087f00000|  0%| F|  |TAMS 0x0000000087e00000, 0x0000000087e00000| Untracked 
|  33|0x0000000087f00000, 0x0000000087f00000, 0x0000000088000000|  0%| F|  |TAMS 0x0000000087f00000, 0x0000000087f00000| Untracked 
|  34|0x0000000088000000, 0x0000000088000000, 0x0000000088100000|  0%| F|  |TAMS 0x0000000088000000, 0x0000000088000000| Untracked 
|  35|0x0000000088100000, 0x0000000088100000, 0x0000000088200000|  0%| F|  |TAMS 0x0000000088100000, 0x0000000088100000| Untracked 
|  36|0x0000000088200000, 0x0000000088200000, 0x0000000088300000|  0%| F|  |TAMS 0x0000000088200000, 0x0000000088200000| Untracked 
|  37|0x0000000088300000, 0x0000000088300000, 0x0000000088400000|  0%| F|  |TAMS 0x0000000088300000, 0x0000000088300000| Untracked 
|  38|0x0000000088400000, 0x0000000088400000, 0x0000000088500000|  0%| F|  |TAMS 0x0000000088400000, 0x0000000088400000| Untracked 
|  39|0x0000000088500000, 0x0000000088500000, 0x0000000088600000|  0%| F|  |TAMS 0x0000000088500000, 0x0000000088500000| Untracked 
|  40|0x0000000088600000, 0x0000000088600000, 0x0000000088700000|  0%| F|  |TAMS 0x0000000088600000, 0x0000000088600000| Untracked 
|  41|0x0000000088700000, 0x0000000088700000, 0x0000000088800000|  0%| F|  |TAMS 0x0000000088700000, 0x0000000088700000| Untracked 
|  42|0x0000000088800000, 0x0000000088800000, 0x0000000088900000|  0%| F|  |TAMS 0x0000000088800000, 0x0000000088800000| Untracked 
|  43|0x0000000088900000, 0x0000000088900000, 0x0000000088a00000|  0%| F|  |TAMS 0x0000000088900000, 0x0000000088900000| Untracked 
|  44|0x0000000088a00000, 0x0000000088a00000, 0x0000000088b00000|  0%| F|  |TAMS 0x0000000088a00000, 0x0000000088a00000| Untracked 
|  45|0x0000000088b00000, 0x0000000088b00000, 0x0000000088c00000|  0%| F|  |TAMS 0x0000000088b00000, 0x0000000088b00000| Untracked 
|  46|0x0000000088c00000, 0x0000000088c00000, 0x0000000088d00000|  0%| F|  |TAMS 0x0000000088c00000, 0x0000000088c00000| Untracked 
|  47|0x0000000088d00000, 0x0000000088d00000, 0x0000000088e00000|  0%| F|  |TAMS 0x0000000088d00000, 0x0000000088d00000| Untracked 
|  48|0x0000000088e00000, 0x0000000088e00000, 0x0000000088f00000|  0%| F|  |TAMS 0x0000000088e00000, 0x0000000088e00000| Untracked 
|  49|0x0000000088f00000, 0x0000000088f00000, 0x0000000089000000|  0%| F|  |TAMS 0x0000000088f00000, 0x0000000088f00000| Untracked 
|  50|0x0000000089000000, 0x0000000089000000, 0x0000000089100000|  0%| F|  |TAMS 0x0000000089000000, 0x0000000089000000| Untracked 
|  51|0x0000000089100000, 0x0000000089100000, 0x0000000089200000|  0%| F|  |TAMS 0x0000000089100000, 0x0000000089100000| Untracked 
|  52|0x0000000089200000, 0x0000000089200000, 0x0000000089300000|  0%| F|  |TAMS 0x0000000089200000, 0x0000000089200000| Untracked 
|  53|0x0000000089300000, 0x0000000089300000, 0x0000000089400000|  0%| F|  |TAMS 0x0000000089300000, 0x0000000089300000| Untracked 
|  54|0x0000000089400000, 0x0000000089400000, 0x0000000089500000|  0%| F|  |TAMS 0x0000000089400000, 0x0000000089400000| Untracked 
|  55|0x0000000089500000, 0x0000000089500000, 0x0000000089600000|  0%| F|  |TAMS 0x0000000089500000, 0x0000000089500000| Untracked 
|  56|0x0000000089600000, 0x0000000089600000, 0x0000000089700000|  0%| F|  |TAMS 0x0000000089600000, 0x0000000089600000| Untracked 
|  57|0x0000000089700000, 0x0000000089700000, 0x0000000089800000|  0%| F|  |TAMS 0x0000000089700000, 0x0000000089700000| Untracked 
|  58|0x0000000089800000, 0x0000000089800000, 0x0000000089900000|  0%| F|  |TAMS 0x0000000089800000, 0x0000000089800000| Untracked 
|  59|0x0000000089900000, 0x0000000089900000, 0x0000000089a00000|  0%| F|  |TAMS 0x0000000089900000, 0x0000000089900000| Untracked 
|  60|0x0000000089a00000, 0x0000000089a00000, 0x0000000089b00000|  0%| F|  |TAMS 0x0000000089a00000, 0x0000000089a00000| Untracked 
|  61|0x0000000089b00000, 0x0000000089b00000, 0x0000000089c00000|  0%| F|  |TAMS 0x0000000089b00000, 0x0000000089b00000| Untracked 
|  62|0x0000000089c00000, 0x0000000089c00000, 0x0000000089d00000|  0%| F|  |TAMS 0x0000000089c00000, 0x0000000089c00000| Untracked 
|  63|0x0000000089d00000, 0x0000000089d00000, 0x0000000089e00000|  0%| F|  |TAMS 0x0000000089d00000, 0x0000000089d00000| Untracked 
|  64|0x0000000089e00000, 0x0000000089e00000, 0x0000000089f00000|  0%| F|  |TAMS 0x0000000089e00000, 0x0000000089e00000| Untracked 
|  65|0x0000000089f00000, 0x0000000089f00000, 0x000000008a000000|  0%| F|  |TAMS 0x0000000089f00000, 0x0000000089f00000| Untracked 
|  66|0x000000008a000000, 0x000000008a000000, 0x000000008a100000|  0%| F|  |TAMS 0x000000008a000000, 0x000000008a000000| Untracked 
|  67|0x000000008a100000, 0x000000008a100000, 0x000000008a200000|  0%| F|  |TAMS 0x000000008a100000, 0x000000008a100000| Untracked 
|  68|0x000000008a200000, 0x000000008a200000, 0x000000008a300000|  0%| F|  |TAMS 0x000000008a200000, 0x000000008a200000| Untracked 
|  69|0x000000008a300000, 0x000000008a300000, 0x000000008a400000|  0%| F|  |TAMS 0x000000008a300000, 0x000000008a300000| Untracked 
|  70|0x000000008a400000, 0x000000008a400000, 0x000000008a500000|  0%| F|  |TAMS 0x000000008a400000, 0x000000008a400000| Untracked 
|  71|0x000000008a500000, 0x000000008a500000, 0x000000008a600000|  0%| F|  |TAMS 0x000000008a500000, 0x000000008a500000| Untracked 
|  72|0x000000008a600000, 0x000000008a600000, 0x000000008a700000|  0%| F|  |TAMS 0x000000008a600000, 0x000000008a600000| Untracked 
|  73|0x000000008a700000, 0x000000008a700000, 0x000000008a800000|  0%| F|  |TAMS 0x000000008a700000, 0x000000008a700000| Untracked 
|  74|0x000000008a800000, 0x000000008a800000, 0x000000008a900000|  0%| F|  |TAMS 0x000000008a800000, 0x000000008a800000| Untracked 
|  75|0x000000008a900000, 0x000000008a900000, 0x000000008aa00000|  0%| F|  |TAMS 0x000000008a900000, 0x000000008a900000| Untracked 
|  76|0x000000008aa00000, 0x000000008aa00000, 0x000000008ab00000|  0%| F|  |TAMS 0x000000008aa00000, 0x000000008aa00000| Untracked 
|  77|0x000000008ab00000, 0x000000008ab00000, 0x000000008ac00000|  0%| F|  |TAMS 0x000000008ab00000, 0x000000008ab00000| Untracked 
|  78|0x000000008ac00000, 0x000000008ac00000, 0x000000008ad00000|  0%| F|  |TAMS 0x000000008ac00000, 0x000000008ac00000| Untracked 
|  79|0x000000008ad00000, 0x000000008ad00000, 0x000000008ae00000|  0%| F|  |TAMS 0x000000008ad00000, 0x000000008ad00000| Untracked 
|  80|0x000000008ae00000, 0x000000008ae00000, 0x000000008af00000|  0%| F|  |TAMS 0x000000008ae00000, 0x000000008ae00000| Untracked 
|  81|0x000000008af00000, 0x000000008af00000, 0x000000008b000000|  0%| F|  |TAMS 0x000000008af00000, 0x000000008af00000| Untracked 
|  82|0x000000008b000000, 0x000000008b000000, 0x000000008b100000|  0%| F|  |TAMS 0x000000008b000000, 0x000000008b000000| Untracked 
|  83|0x000000008b100000, 0x000000008b100000, 0x000000008b200000|  0%| F|  |TAMS 0x000000008b100000, 0x000000008b100000| Untracked 
|  84|0x000000008b200000, 0x000000008b200000, 0x000000008b300000|  0%| F|  |TAMS 0x000000008b200000, 0x000000008b200000| Untracked 
|  85|0x000000008b300000, 0x000000008b300000, 0x000000008b400000|  0%| F|  |TAMS 0x000000008b300000, 0x000000008b300000| Untracked 
|  86|0x000000008b400000, 0x000000008b400000, 0x000000008b500000|  0%| F|  |TAMS 0x000000008b400000, 0x000000008b400000| Untracked 
|  87|0x000000008b500000, 0x000000008b500000, 0x000000008b600000|  0%| F|  |TAMS 0x000000008b500000, 0x000000008b500000| Untracked 
|  88|0x000000008b600000, 0x000000008b600000, 0x000000008b700000|  0%| F|  |TAMS 0x000000008b600000, 0x000000008b600000| Untracked 
|  89|0x000000008b700000, 0x000000008b700000, 0x000000008b800000|  0%| F|  |TAMS 0x000000008b700000, 0x000000008b700000| Untracked 
|  90|0x000000008b800000, 0x000000008b800000, 0x000000008b900000|  0%| F|  |TAMS 0x000000008b800000, 0x000000008b800000| Untracked 
|  91|0x000000008b900000, 0x000000008b900000, 0x000000008ba00000|  0%| F|  |TAMS 0x000000008b900000, 0x000000008b900000| Untracked 
|  92|0x000000008ba00000, 0x000000008ba00000, 0x000000008bb00000|  0%| F|  |TAMS 0x000000008ba00000, 0x000000008ba00000| Untracked 
|  93|0x000000008bb00000, 0x000000008bb00000, 0x000000008bc00000|  0%| F|  |TAMS 0x000000008bb00000, 0x000000008bb00000| Untracked 
|  94|0x000000008bc00000, 0x000000008bc00000, 0x000000008bd00000|  0%| F|  |TAMS 0x000000008bc00000, 0x000000008bc00000| Untracked 
|  95|0x000000008bd00000, 0x000000008bd00000, 0x000000008be00000|  0%| F|  |TAMS 0x000000008bd00000, 0x000000008bd00000| Untracked 
|  96|0x000000008be00000, 0x000000008be00000, 0x000000008bf00000|  0%| F|  |TAMS 0x000000008be00000, 0x000000008be00000| Untracked 
|  97|0x000000008bf00000, 0x000000008bf00000, 0x000000008c000000|  0%| F|  |TAMS 0x000000008bf00000, 0x000000008bf00000| Untracked 
|  98|0x000000008c000000, 0x000000008c000000, 0x000000008c100000|  0%| F|  |TAMS 0x000000008c000000, 0x000000008c000000| Untracked 
|  99|0x000000008c100000, 0x000000008c100000, 0x000000008c200000|  0%| F|  |TAMS 0x000000008c100000, 0x000000008c100000| Untracked 
| 100|0x000000008c200000, 0x000000008c200000, 0x000000008c300000|  0%| F|  |TAMS 0x000000008c200000, 0x000000008c200000| Untracked 
| 101|0x000000008c300000, 0x000000008c300000, 0x000000008c400000|  0%| F|  |TAMS 0x000000008c300000, 0x000000008c300000| Untracked 
| 102|0x000000008c400000, 0x000000008c400000, 0x000000008c500000|  0%| F|  |TAMS 0x000000008c400000, 0x000000008c400000| Untracked 
| 103|0x000000008c500000, 0x000000008c500000, 0x000000008c600000|  0%| F|  |TAMS 0x000000008c500000, 0x000000008c500000| Untracked 
| 104|0x000000008c600000, 0x000000008c600000, 0x000000008c700000|  0%| F|  |TAMS 0x000000008c600000, 0x000000008c600000| Untracked 
| 105|0x000000008c700000, 0x000000008c700000, 0x000000008c800000|  0%| F|  |TAMS 0x000000008c700000, 0x000000008c700000| Untracked 
| 106|0x000000008c800000, 0x000000008c800000, 0x000000008c900000|  0%| F|  |TAMS 0x000000008c800000, 0x000000008c800000| Untracked 
| 107|0x000000008c900000, 0x000000008c900000, 0x000000008ca00000|  0%| F|  |TAMS 0x000000008c900000, 0x000000008c900000| Untracked 
| 108|0x000000008ca00000, 0x000000008ca00000, 0x000000008cb00000|  0%| F|  |TAMS 0x000000008ca00000, 0x000000008ca00000| Untracked 
| 109|0x000000008cb00000, 0x000000008cb00000, 0x000000008cc00000|  0%| F|  |TAMS 0x000000008cb00000, 0x000000008cb00000| Untracked 
| 110|0x000000008cc00000, 0x000000008cc00000, 0x000000008cd00000|  0%| F|  |TAMS 0x000000008cc00000, 0x000000008cc00000| Untracked 
| 111|0x000000008cd00000, 0x000000008cd00000, 0x000000008ce00000|  0%| F|  |TAMS 0x000000008cd00000, 0x000000008cd00000| Untracked 
| 112|0x000000008ce00000, 0x000000008ce00000, 0x000000008cf00000|  0%| F|  |TAMS 0x000000008ce00000, 0x000000008ce00000| Untracked 
| 113|0x000000008cf00000, 0x000000008cf00000, 0x000000008d000000|  0%| F|  |TAMS 0x000000008cf00000, 0x000000008cf00000| Untracked 
| 114|0x000000008d000000, 0x000000008d000000, 0x000000008d100000|  0%| F|  |TAMS 0x000000008d000000, 0x000000008d000000| Untracked 
| 115|0x000000008d100000, 0x000000008d1d86f0, 0x000000008d200000| 84%| E|  |TAMS 0x000000008d100000, 0x000000008d100000| Complete 
| 116|0x000000008d200000, 0x000000008d300000, 0x000000008d300000|100%| E|CS|TAMS 0x000000008d200000, 0x000000008d200000| Complete 
| 117|0x000000008d300000, 0x000000008d400000, 0x000000008d400000|100%| E|CS|TAMS 0x000000008d300000, 0x000000008d300000| Complete 
| 118|0x000000008d400000, 0x000000008d500000, 0x000000008d500000|100%| E|CS|TAMS 0x000000008d400000, 0x000000008d400000| Complete 
| 119|0x000000008d500000, 0x000000008d600000, 0x000000008d600000|100%| E|CS|TAMS 0x000000008d500000, 0x000000008d500000| Complete 
| 120|0x000000008d600000, 0x000000008d700000, 0x000000008d700000|100%| E|CS|TAMS 0x000000008d600000, 0x000000008d600000| Complete 
| 121|0x000000008d700000, 0x000000008d800000, 0x000000008d800000|100%| E|CS|TAMS 0x000000008d700000, 0x000000008d700000| Complete 
| 122|0x000000008d800000, 0x000000008d900000, 0x000000008d900000|100%| E|CS|TAMS 0x000000008d800000, 0x000000008d800000| Complete 
| 123|0x000000008d900000, 0x000000008da00000, 0x000000008da00000|100%| E|CS|TAMS 0x000000008d900000, 0x000000008d900000| Complete 
|1952|0x00000000ffe00000, 0x00000000ffe48000, 0x00000000fff00000| 28%|OA|  |TAMS 0x00000000ffe00000, 0x00000000ffe00000| Untracked 
|1953|0x00000000fff00000, 0x00000000fff6c000, 0x0000000100000000| 42%|CA|  |TAMS 0x00000000fff00000, 0x00000000fff00000| Untracked 

Card table byte_map: [0x00007169a626e000,0x00007169a663f000] _byte_map_base: 0x00007169a5e3f000

Marking Bits (Prev, Next): (CMBitMap*) 0x00007169a0059228, (CMBitMap*) 0x00007169a0059260
 Prev Bits: [0x00007169a4015000, 0x00007169a5e9d000)
 Next Bits: [0x0000716982178000, 0x0000716984000000)

Polling page: 0x00007169a8c48000

Metaspace:

Usage:
  Non-class:      5,17 MB capacity,     3,66 MB ( 71%) used,     1,51 MB ( 29%) free+waste,     7,19 KB ( <1%) overhead. 
      Class:    475,00 KB capacity,   341,16 KB ( 72%) used,   130,34 KB ( 27%) free+waste,     3,50 KB ( <1%) overhead. 
       Both:      5,64 MB capacity,     3,99 MB ( 71%) used,     1,64 MB ( 29%) free+waste,    10,69 KB ( <1%) overhead. 

Virtual space:
  Non-class space:        8,00 MB reserved,       5,25 MB ( 66%) committed 
      Class space:        1,00 GB reserved,     512,00 KB ( <1%) committed 
             Both:        1,01 GB reserved,       5,75 MB ( <1%) committed 

Chunk freelists:
   Non-Class:  17,00 KB
       Class:  0 bytes
        Both:  17,00 KB

MaxMetaspaceSize: unlimited
CompressedClassSpaceSize: 1,00 GB
Initial GC threshold: 20,80 MB
Current GC threshold: 20,80 MB
CDS: on

CodeHeap 'non-profiled nmethods': size=120032Kb used=207Kb max_used=207Kb free=119824Kb
 bounds [0x00007169900c8000, 0x0000716990338000, 0x0000716997600000]
CodeHeap 'profiled nmethods': size=120032Kb used=975Kb max_used=975Kb free=119056Kb
 bounds [0x0000716988b90000, 0x0000716988e00000, 0x00007169900c8000]
CodeHeap 'non-nmethods': size=5696Kb used=1209Kb max_used=1222Kb free=4486Kb
 bounds [0x0000716988600000, 0x0000716988870000, 0x0000716988b90000]
 total_blobs=1023 nmethods=619 adapters=326
 compilation: enabled
              stopped_count=0, restarted_count=0
 full_count=0

Compilation events (20 events):
Event: 6942,670 Thread 0x00007169a0187000 nmethod 608 0x0000716988c78310 code [0x0000716988c785a0, 0x0000716988c79120]
Event: 6942,670 Thread 0x00007169a0187000  609       3       org.eclipse.jdt.launching.internal.org.objectweb.asm.MethodWriter::computeMethodInfoSize (571 bytes)
Event: 6942,670 Thread 0x00007169a0184800 nmethod 604 0x00007169900f9810 code [0x00007169900f99a0, 0x00007169900f9c78]
Event: 6942,676 Thread 0x00007169a0187000 nmethod 609 0x0000716988c79490 code [0x0000716988c797e0, 0x0000716988c7a690]
Event: 6942,676 Thread 0x00007169a0187000  610       3       org.eclipse.jdt.launching.internal.org.objectweb.asm.MethodWriter::hasFrames (13 bytes)
Event: 6942,676 Thread 0x00007169a0187000 nmethod 610 0x0000716988c7ae10 code [0x0000716988c7afc0, 0x0000716988c7b130]
Event: 7012,341 Thread 0x00007169a0187000  611       3       org.eclipse.jdt.launching.internal.org.objectweb.asm.ClassReader::readConst (276 bytes)
Event: 7012,343 Thread 0x00007169a0187000 nmethod 611 0x0000716988c7b210 code [0x0000716988c7b680, 0x0000716988c7d6f0]
Event: 7012,343 Thread 0x00007169a0187000  613       3       org.eclipse.jdt.launching.internal.org.objectweb.asm.MethodWriter::canCopyMethodAttributes (163 bytes)
Event: 7012,344 Thread 0x00007169a0187000 nmethod 613 0x0000716988c7e490 code [0x0000716988c7e6a0, 0x0000716988c7edf0]
Event: 7012,344 Thread 0x00007169a0187000  612       3       org.eclipse.jdt.launching.internal.org.objectweb.asm.SymbolTable::addConstantUtf8Reference (101 bytes)
Event: 7012,344 Thread 0x00007169a0187000 nmethod 612 0x0000716988c7f090 code [0x0000716988c7f2c0, 0x0000716988c7f970]
Event: 7101,680 Thread 0x00007169a0184800  614       4       java.lang.String::checkBoundsOffCount (61 bytes)
Event: 7101,681 Thread 0x00007169a0187000  615       3       org.eclipse.jdt.launching.internal.org.objectweb.asm.MethodWriter::putMethodInfo (1274 bytes)
Event: 7101,681 Thread 0x00007169a0184800 nmethod 614 0x00007169900f9e10 code [0x00007169900f9fa0, 0x00007169900fa038]
Event: 7101,689 Thread 0x00007169a0187000 nmethod 615 0x0000716988c7fd10 code [0x0000716988c803e0, 0x0000716988c82af0]
Event: 7403,994 Thread 0x00007169a0184800  618       4       java.lang.String::<init> (74 bytes)
Event: 7404,005 Thread 0x00007169a0184800 nmethod 618 0x00007169900fa910 code [0x00007169900faac0, 0x00007169900fb0b8]
Event: 7635,754 Thread 0x00007169a0184800  619       4       org.eclipse.jdt.launching.internal.org.objectweb.asm.SymbolTable::addConstantUtf8 (20 bytes)
Event: 7635,771 Thread 0x00007169a0184800 nmethod 619 0x00007169900fb210 code [0x00007169900fb3c0, 0x00007169900fbb48]

GC Heap History (0 events):
No events

Deoptimization events (20 events):
Event: 18,586 Thread 0x00007169a0017800 Uncommon trap: trap_request=0xffffff76 fr.pc=0x00007169900e68e8 relative=0x0000000000000148
Event: 18,586 Thread 0x00007169a0017800 Uncommon trap: reason=loop_limit_check action=maybe_recompile pc=0x00007169900e68e8 method=java.lang.StringLatin1.lastIndexOf([BII)I @ 19 c2
Event: 18,586 Thread 0x00007169a0017800 DEOPT PACKING pc=0x00007169900e68e8 sp=0x00007169a87fe040
Event: 18,586 Thread 0x00007169a0017800 DEOPT UNPACKING pc=0x0000716988649ea5 sp=0x00007169a87fdff0 mode 2
Event: 22,730 Thread 0x00007169a0017800 Uncommon trap: trap_request=0xffffffc6 fr.pc=0x00007169900d2524 relative=0x0000000000000084
Event: 22,730 Thread 0x00007169a0017800 Uncommon trap: reason=bimorphic_or_optimized_type_check action=maybe_recompile pc=0x00007169900d2524 method=java.util.AbstractCollection.isEmpty()Z @ 1 c2
Event: 22,730 Thread 0x00007169a0017800 DEOPT PACKING pc=0x00007169900d2524 sp=0x00007169a87fd4e0
Event: 22,730 Thread 0x00007169a0017800 DEOPT UNPACKING pc=0x0000716988649ea5 sp=0x00007169a87fd4a0 mode 2
Event: 22,730 Thread 0x00007169a0017800 Uncommon trap: trap_request=0xffffffc6 fr.pc=0x00007169900d2524 relative=0x0000000000000084
Event: 22,730 Thread 0x00007169a0017800 Uncommon trap: reason=bimorphic_or_optimized_type_check action=maybe_recompile pc=0x00007169900d2524 method=java.util.AbstractCollection.isEmpty()Z @ 1 c2
Event: 22,730 Thread 0x00007169a0017800 DEOPT PACKING pc=0x00007169900d2524 sp=0x00007169a87fd6b0
Event: 22,730 Thread 0x00007169a0017800 DEOPT UNPACKING pc=0x0000716988649ea5 sp=0x00007169a87fd670 mode 2
Event: 22,731 Thread 0x00007169a0017800 Uncommon trap: trap_request=0xffffffc6 fr.pc=0x00007169900d2524 relative=0x0000000000000084
Event: 22,731 Thread 0x00007169a0017800 Uncommon trap: reason=bimorphic_or_optimized_type_check action=maybe_recompile pc=0x00007169900d2524 method=java.util.AbstractCollection.isEmpty()Z @ 1 c2
Event: 22,731 Thread 0x00007169a0017800 DEOPT PACKING pc=0x00007169900d2524 sp=0x00007169a87fd690
Event: 22,731 Thread 0x00007169a0017800 DEOPT UNPACKING pc=0x0000716988649ea5 sp=0x00007169a87fd650 mode 2
Event: 22,734 Thread 0x00007169a0017800 Uncommon trap: trap_request=0xffffffc6 fr.pc=0x00007169900d2524 relative=0x0000000000000084
Event: 22,734 Thread 0x00007169a0017800 Uncommon trap: reason=bimorphic_or_optimized_type_check action=maybe_recompile pc=0x00007169900d2524 method=java.util.AbstractCollection.isEmpty()Z @ 1 c2
Event: 22,734 Thread 0x00007169a0017800 DEOPT PACKING pc=0x00007169900d2524 sp=0x00007169a87fd4c0
Event: 22,734 Thread 0x00007169a0017800 DEOPT UNPACKING pc=0x0000716988649ea5 sp=0x00007169a87fd480 mode 2

Classes redefined (20 events):
Event: 3613,262 Thread 0x00007169a0176000 redefined class name=vvl.lisp.LispImpl, count=1
Event: 3613,264 Thread 0x00007169a0176000 redefined class name=vvl.lisp.LispImpl$LispParser, count=1
Event: 6536,315 Thread 0x00007169a0176000 redefined class name=vvl.lisp.LispImpl, count=2
Event: 6536,316 Thread 0x00007169a0176000 redefined class name=vvl.lisp.LispImpl$LispParser, count=2
Event: 6774,991 Thread 0x00007169a0176000 redefined class name=vvl.lisp.LispImpl, count=3
Event: 6774,992 Thread 0x00007169a0176000 redefined class name=vvl.lisp.LispImpl$LispParser, count=3
Event: 6810,858 Thread 0x00007169a0176000 redefined class name=vvl.lisp.LispImpl, count=4
Event: 6810,859 Thread 0x00007169a0176000 redefined class name=vvl.lisp.LispImpl$LispParser, count=4
Event: 6942,673 Thread 0x00007169a0176000 redefined class name=vvl.lisp.LispImpl, count=5
Event: 6942,674 Thread 0x00007169a0176000 redefined class name=vvl.lisp.LispImpl$LispParser, count=5
Event: 7012,347 Thread 0x00007169a0176000 redefined class name=vvl.lisp.LispImpl, count=6
Event: 7012,348 Thread 0x00007169a0176000 redefined class name=vvl.lisp.LispImpl$LispParser, count=6
Event: 7069,077 Thread 0x00007169a0176000 redefined class name=vvl.lisp.LispImpl, count=7
Event: 7069,078 Thread 0x00007169a0176000 redefined class name=vvl.lisp.LispImpl$LispParser, count=7
Event: 7101,686 Thread 0x00007169a0176000 redefined class name=vvl.lisp.LispImpl, count=8
Event: 7101,688 Thread 0x00007169a0176000 redefined class name=vvl.lisp.LispImpl$LispParser, count=8
Event: 7404,002 Thread 0x00007169a0176000 redefined class name=vvl.lisp.LispImpl, count=9
Event: 7404,004 Thread 0x00007169a0176000 redefined class name=vvl.lisp.LispImpl$LispParser, count=9
Event: 7635,764 Thread 0x00007169a0176000 redefined class name=vvl.lisp.LispImpl, count=10
Event: 7635,766 Thread 0x00007169a0176000 redefined class name=vvl.lisp.LispImpl$LispParser, count=10

Internal exceptions (1 events):
Event: 0,401 Thread 0x00007169a0017800 Exception <a 'java/lang/NoSuchMethodError'{0x000000008d428550}: 'int java.lang.invoke.DirectMethodHandle$Holder.invokeSpecialIFC(java.lang.Object, java.lang.Object, int)'> (0x000000008d428550) thrown at [./src/hotspot/share/interpreter/linkResolver.cpp, line 772]

Events (20 events):
Event: 7635,788 Executing VM operation: ChangeBreakpoints done
Event: 7635,790 Executing VM operation: GetFrameCount
Event: 7635,790 Executing VM operation: GetFrameCount done
Event: 7635,790 Executing VM operation: GetStackTrace
Event: 7635,790 Executing VM operation: GetStackTrace done
Event: 7635,790 Executing VM operation: GetFrameCount
Event: 7635,791 Executing VM operation: GetFrameCount done
Event: 7635,791 Executing VM operation: SetFramePop
Event: 7635,791 Executing nested VM operation: EnterInterpOnlyMode
Event: 7635,791 Executing nested VM operation: EnterInterpOnlyMode done
Event: 7635,791 Executing VM operation: SetFramePop done
Event: 7635,791 Executing VM operation: GetFrameLocation
Event: 7635,791 Executing VM operation: GetFrameLocation done
Event: 7635,791 Executing VM operation: GetCurrentLocation
Event: 7635,791 Executing VM operation: GetCurrentLocation done
Event: 7635,791 Executing VM operation: ChangeSingleStep
Event: 7635,791 Executing VM operation: ChangeSingleStep done
Event: 7635,791 Executing VM operation: GetFrameLocation
Event: 7635,791 Executing VM operation: GetFrameLocation done
Event: 7635,791 Executing VM operation: GetOrSetLocal


Dynamic libraries:
85e00000-8da00000 rw-p 00000000 00:00 0 
8da00000-ffe00000 ---p 00000000 00:00 0 
ffe00000-ffe48000 rw-p 00b14000 08:04 6423010                            /usr/lib/jvm/java-11-openjdk-amd64/lib/server/classes.jsa
ffe48000-fff00000 rw-p 00000000 00:00 0 
fff00000-fff6c000 rw-p 00aa8000 08:04 6423010                            /usr/lib/jvm/java-11-openjdk-amd64/lib/server/classes.jsa
fff6c000-100000000 rw-p 00000000 00:00 0 
800000000-800002000 rwxp 00001000 08:04 6423010                          /usr/lib/jvm/java-11-openjdk-amd64/lib/server/classes.jsa
800002000-800aa7000 rw-p 00003000 08:04 6423010                          /usr/lib/jvm/java-11-openjdk-amd64/lib/server/classes.jsa
840000000-840080000 rw-p 00000000 00:00 0 
840080000-880000000 ---p 00000000 00:00 0 
5c5130b3d000-5c5130b3e000 r--p 00000000 08:04 6429470                    /usr/lib/jvm/java-11-openjdk-amd64/bin/java
5c5130b3e000-5c5130b3f000 r-xp 00001000 08:04 6429470                    /usr/lib/jvm/java-11-openjdk-amd64/bin/java
5c5130b3f000-5c5130b40000 r--p 00002000 08:04 6429470                    /usr/lib/jvm/java-11-openjdk-amd64/bin/java
5c5130b40000-5c5130b41000 r--p 00002000 08:04 6429470                    /usr/lib/jvm/java-11-openjdk-amd64/bin/java
5c5130b41000-5c5130b42000 rw-p 00003000 08:04 6429470                    /usr/lib/jvm/java-11-openjdk-amd64/bin/java
5c5130b86000-5c5130ba7000 rw-p 00000000 00:00 0                          [heap]
716934000000-716934021000 rw-p 00000000 00:00 0 
716934021000-716938000000 ---p 00000000 00:00 0 
71693c000000-71693c05a000 rw-p 00000000 00:00 0 
71693c05a000-716940000000 ---p 00000000 00:00 0 
716940000000-716940021000 rw-p 00000000 00:00 0 
716940021000-716944000000 ---p 00000000 00:00 0 
716944000000-716944021000 rw-p 00000000 00:00 0 
716944021000-716948000000 ---p 00000000 00:00 0 
716948000000-716948117000 rw-p 00000000 00:00 0 
716948117000-71694c000000 ---p 00000000 00:00 0 
71694c000000-71694c24b000 rw-p 00000000 00:00 0 
71694c24b000-716950000000 ---p 00000000 00:00 0 
716950000000-716950021000 rw-p 00000000 00:00 0 
716950021000-716954000000 ---p 00000000 00:00 0 
716954000000-716954021000 rw-p 00000000 00:00 0 
716954021000-716958000000 ---p 00000000 00:00 0 
716958000000-7169581f5000 rw-p 00000000 00:00 0 
7169581f5000-71695c000000 ---p 00000000 00:00 0 
71695c000000-71695c021000 rw-p 00000000 00:00 0 
71695c021000-716960000000 ---p 00000000 00:00 0 
716960000000-716960021000 rw-p 00000000 00:00 0 
716960021000-716964000000 ---p 00000000 00:00 0 
716964000000-716964021000 rw-p 00000000 00:00 0 
716964021000-716968000000 ---p 00000000 00:00 0 
716968000000-716968021000 rw-p 00000000 00:00 0 
716968021000-71696c000000 ---p 00000000 00:00 0 
71696c000000-71696c021000 rw-p 00000000 00:00 0 
71696c021000-716970000000 ---p 00000000 00:00 0 
716971d4b000-7169720ff000 rw-p 00000000 00:00 0 
7169720ff000-716972100000 ---p 00000000 00:00 0 
716972100000-716972200000 rw-p 00000000 00:00 0 
716972200000-716972204000 ---p 00000000 00:00 0 
716972204000-716972300000 rw-p 00000000 00:00 0 
716972300000-716972304000 ---p 00000000 00:00 0 
716972304000-716972400000 rw-p 00000000 00:00 0 
716972400000-716972404000 ---p 00000000 00:00 0 
716972404000-716972500000 rw-p 00000000 00:00 0 
716972500000-716972504000 ---p 00000000 00:00 0 
716972504000-716972600000 rw-p 00000000 00:00 0 
716972600000-716972604000 ---p 00000000 00:00 0 
716972604000-716972700000 rw-p 00000000 00:00 0 
716972700000-716972704000 ---p 00000000 00:00 0 
716972704000-716972800000 rw-p 00000000 00:00 0 
716972800000-716972804000 ---p 00000000 00:00 0 
716972804000-716972900000 rw-p 00000000 00:00 0 
716972900000-716972904000 ---p 00000000 00:00 0 
716972904000-716972a00000 rw-p 00000000 00:00 0 
716972a00000-716972a04000 ---p 00000000 00:00 0 
716972a04000-716972b00000 rw-p 00000000 00:00 0 
716972b00000-716972b04000 ---p 00000000 00:00 0 
716972b04000-716972c00000 rw-p 00000000 00:00 0 
716972c00000-7169733f0000 r--p 00000000 08:04 5639019                    /usr/lib/locale/locale-archive
7169733fe000-716973402000 ---p 00000000 00:00 0 
716973402000-7169734fe000 rw-p 00000000 00:00 0 
7169734fe000-716973502000 ---p 00000000 00:00 0 
716973502000-7169735fe000 rw-p 00000000 00:00 0 
7169735fe000-7169735ff000 ---p 00000000 00:00 0 
7169735ff000-716973c3f000 rw-p 00000000 00:00 0 
716973c3f000-716973eff000 ---p 00000000 00:00 0 
716973eff000-716973f00000 ---p 00000000 00:00 0 
716973f00000-716974000000 rw-p 00000000 00:00 0 
716974000000-716974021000 rw-p 00000000 00:00 0 
716974021000-716978000000 ---p 00000000 00:00 0 
716978000000-716978021000 rw-p 00000000 00:00 0 
716978021000-71697c000000 ---p 00000000 00:00 0 
71697c000000-71697c021000 rw-p 00000000 00:00 0 
71697c021000-716980000000 ---p 00000000 00:00 0 
716980077000-716980078000 ---p 00000000 00:00 0 
716980078000-716982368000 rw-p 00000000 00:00 0 
716982368000-716983ff8000 ---p 00000000 00:00 0 
716983ff8000-716984000000 rw-p 00000000 00:00 0 
716984000000-716984021000 rw-p 00000000 00:00 0 
716984021000-716988000000 ---p 00000000 00:00 0 
7169880fb000-7169884ff000 rw-p 00000000 00:00 0 
7169884ff000-716988500000 ---p 00000000 00:00 0 
716988500000-716988600000 rw-p 00000000 00:00 0 
716988600000-716988870000 rwxp 00000000 00:00 0 
716988870000-716988b90000 ---p 00000000 00:00 0 
716988b90000-716988e00000 rwxp 00000000 00:00 0 
716988e00000-7169900c8000 ---p 00000000 00:00 0 
7169900c8000-716990338000 rwxp 00000000 00:00 0 
716990338000-716997600000 ---p 00000000 00:00 0 
716997600000-71699fe25000 r--s 00000000 08:04 6429548                    /usr/lib/jvm/java-11-openjdk-amd64/lib/modules
71699fe7e000-71699feff000 rw-p 00000000 00:00 0 
71699feff000-71699ff00000 ---p 00000000 00:00 0 
71699ff00000-7169a0000000 rw-p 00000000 00:00 0 
7169a0000000-7169a038f000 rw-p 00000000 00:00 0 
7169a038f000-7169a4000000 ---p 00000000 00:00 0 
7169a4015000-7169a4205000 rw-p 00000000 00:00 0 
7169a4205000-7169a5e95000 ---p 00000000 00:00 0 
7169a5e95000-7169a5edb000 rw-p 00000000 00:00 0 
7169a5edb000-7169a626d000 ---p 00000000 00:00 0 
7169a626d000-7169a62ac000 rw-p 00000000 00:00 0 
7169a62ac000-7169a663e000 ---p 00000000 00:00 0 
7169a663e000-7169a667d000 rw-p 00000000 00:00 0 
7169a667d000-7169a6a0f000 ---p 00000000 00:00 0 
7169a6a0f000-7169a6e14000 rw-p 00000000 00:00 0 
7169a6e14000-7169a6e15000 ---p 00000000 00:00 0 
7169a6e15000-7169a6f1a000 rw-p 00000000 00:00 0 
7169a6f1a000-7169a7000000 ---p 00000000 00:00 0 
7169a7000000-7169a709a000 r--p 00000000 08:04 5664332                    /usr/lib/x86_64-linux-gnu/libstdc++.so.6.0.30
7169a709a000-7169a71ab000 r-xp 0009a000 08:04 5664332                    /usr/lib/x86_64-linux-gnu/libstdc++.so.6.0.30
7169a71ab000-7169a721a000 r--p 001ab000 08:04 5664332                    /usr/lib/x86_64-linux-gnu/libstdc++.so.6.0.30
7169a721a000-7169a721b000 ---p 0021a000 08:04 5664332                    /usr/lib/x86_64-linux-gnu/libstdc++.so.6.0.30
7169a721b000-7169a7226000 r--p 0021a000 08:04 5664332                    /usr/lib/x86_64-linux-gnu/libstdc++.so.6.0.30
7169a7226000-7169a7229000 rw-p 00225000 08:04 5664332                    /usr/lib/x86_64-linux-gnu/libstdc++.so.6.0.30
7169a7229000-7169a722c000 rw-p 00000000 00:00 0 
7169a7279000-7169a731a000 rw-p 00000000 00:00 0 
7169a731a000-7169a7400000 ---p 00000000 00:00 0 
7169a7400000-7169a7682000 r--p 00000000 08:04 6429551                    /usr/lib/jvm/java-11-openjdk-amd64/lib/server/libjvm.so
7169a7682000-7169a8320000 r-xp 00282000 08:04 6429551                    /usr/lib/jvm/java-11-openjdk-amd64/lib/server/libjvm.so
7169a8320000-7169a857c000 r--p 00f20000 08:04 6429551                    /usr/lib/jvm/java-11-openjdk-amd64/lib/server/libjvm.so
7169a857c000-7169a8640000 r--p 0117b000 08:04 6429551                    /usr/lib/jvm/java-11-openjdk-amd64/lib/server/libjvm.so
7169a8640000-7169a867b000 rw-p 0123f000 08:04 6429551                    /usr/lib/jvm/java-11-openjdk-amd64/lib/server/libjvm.so
7169a867b000-7169a86d2000 rw-p 00000000 00:00 0 
7169a8700000-7169a8704000 ---p 00000000 00:00 0 
7169a8704000-7169a8800000 rw-p 00000000 00:00 0 
7169a8800000-7169a8828000 r--p 00000000 08:04 5637022                    /usr/lib/x86_64-linux-gnu/libc.so.6
7169a8828000-7169a89bd000 r-xp 00028000 08:04 5637022                    /usr/lib/x86_64-linux-gnu/libc.so.6
7169a89bd000-7169a8a15000 r--p 001bd000 08:04 5637022                    /usr/lib/x86_64-linux-gnu/libc.so.6
7169a8a15000-7169a8a16000 ---p 00215000 08:04 5637022                    /usr/lib/x86_64-linux-gnu/libc.so.6
7169a8a16000-7169a8a1a000 r--p 00215000 08:04 5637022                    /usr/lib/x86_64-linux-gnu/libc.so.6
7169a8a1a000-7169a8a1c000 rw-p 00219000 08:04 5637022                    /usr/lib/x86_64-linux-gnu/libc.so.6
7169a8a1c000-7169a8a29000 rw-p 00000000 00:00 0 
7169a8a2c000-7169a8a30000 r--p 00000000 08:04 6429538                    /usr/lib/jvm/java-11-openjdk-amd64/lib/libnet.so
7169a8a30000-7169a8a3e000 r-xp 00004000 08:04 6429538                    /usr/lib/jvm/java-11-openjdk-amd64/lib/libnet.so
7169a8a3e000-7169a8a42000 r--p 00012000 08:04 6429538                    /usr/lib/jvm/java-11-openjdk-amd64/lib/libnet.so
7169a8a42000-7169a8a43000 r--p 00015000 08:04 6429538                    /usr/lib/jvm/java-11-openjdk-amd64/lib/libnet.so
7169a8a43000-7169a8a44000 rw-p 00016000 08:04 6429538                    /usr/lib/jvm/java-11-openjdk-amd64/lib/libnet.so
7169a8a44000-7169a8a4b000 r--p 00000000 08:04 6429539                    /usr/lib/jvm/java-11-openjdk-amd64/lib/libnio.so
7169a8a4b000-7169a8a53000 r-xp 00007000 08:04 6429539                    /usr/lib/jvm/java-11-openjdk-amd64/lib/libnio.so
7169a8a53000-7169a8a56000 r--p 0000f000 08:04 6429539                    /usr/lib/jvm/java-11-openjdk-amd64/lib/libnio.so
7169a8a56000-7169a8a57000 r--p 00011000 08:04 6429539                    /usr/lib/jvm/java-11-openjdk-amd64/lib/libnio.so
7169a8a57000-7169a8a58000 rw-p 00012000 08:04 6429539                    /usr/lib/jvm/java-11-openjdk-amd64/lib/libnio.so
7169a8a58000-7169a8a5a000 r--p 00000000 08:04 6429519                    /usr/lib/jvm/java-11-openjdk-amd64/lib/libdt_socket.so
7169a8a5a000-7169a8a5d000 r-xp 00002000 08:04 6429519                    /usr/lib/jvm/java-11-openjdk-amd64/lib/libdt_socket.so
7169a8a5d000-7169a8a5e000 r--p 00005000 08:04 6429519                    /usr/lib/jvm/java-11-openjdk-amd64/lib/libdt_socket.so
7169a8a5e000-7169a8a5f000 ---p 00006000 08:04 6429519                    /usr/lib/jvm/java-11-openjdk-amd64/lib/libdt_socket.so
7169a8a5f000-7169a8a60000 r--p 00006000 08:04 6429519                    /usr/lib/jvm/java-11-openjdk-amd64/lib/libdt_socket.so
7169a8a60000-7169a8a61000 rw-p 00007000 08:04 6429519                    /usr/lib/jvm/java-11-openjdk-amd64/lib/libdt_socket.so
7169a8a61000-7169a8a68000 r--s 00000000 08:04 5649154                    /usr/lib/x86_64-linux-gnu/gconv/gconv-modules.cache
7169a8a68000-7169a8a6d000 rw-p 00000000 00:00 0 
7169a8a6d000-7169a8a74000 ---p 00000000 00:00 0 
7169a8a74000-7169a8a76000 r--p 00000000 08:04 6429547                    /usr/lib/jvm/java-11-openjdk-amd64/lib/libzip.so
7169a8a76000-7169a8a7b000 r-xp 00002000 08:04 6429547                    /usr/lib/jvm/java-11-openjdk-amd64/lib/libzip.so
7169a8a7b000-7169a8a7d000 r--p 00007000 08:04 6429547                    /usr/lib/jvm/java-11-openjdk-amd64/lib/libzip.so
7169a8a7d000-7169a8a7e000 r--p 00008000 08:04 6429547                    /usr/lib/jvm/java-11-openjdk-amd64/lib/libzip.so
7169a8a7e000-7169a8a7f000 rw-p 00009000 08:04 6429547                    /usr/lib/jvm/java-11-openjdk-amd64/lib/libzip.so
7169a8a7f000-7169a8a87000 rw-s 00000000 08:04 132677                     /tmp/hsperfdata_trab/11893
7169a8a87000-7169a8a89000 r--p 00000000 08:04 6429522                    /usr/lib/jvm/java-11-openjdk-amd64/lib/libinstrument.so
7169a8a89000-7169a8a90000 r-xp 00002000 08:04 6429522                    /usr/lib/jvm/java-11-openjdk-amd64/lib/libinstrument.so
7169a8a90000-7169a8a93000 r--p 00009000 08:04 6429522                    /usr/lib/jvm/java-11-openjdk-amd64/lib/libinstrument.so
7169a8a93000-7169a8a94000 r--p 0000b000 08:04 6429522                    /usr/lib/jvm/java-11-openjdk-amd64/lib/libinstrument.so
7169a8a94000-7169a8a95000 rw-p 0000c000 08:04 6429522                    /usr/lib/jvm/java-11-openjdk-amd64/lib/libinstrument.so
7169a8a95000-7169a8a97000 r--p 00000000 08:04 6429529                    /usr/lib/jvm/java-11-openjdk-amd64/lib/libjdwp.so
7169a8a97000-7169a8ac3000 r-xp 00002000 08:04 6429529                    /usr/lib/jvm/java-11-openjdk-amd64/lib/libjdwp.so
7169a8ac3000-7169a8ad1000 r--p 0002e000 08:04 6429529                    /usr/lib/jvm/java-11-openjdk-amd64/lib/libjdwp.so
7169a8ad1000-7169a8ad2000 r--p 0003b000 08:04 6429529                    /usr/lib/jvm/java-11-openjdk-amd64/lib/libjdwp.so
7169a8ad2000-7169a8ad3000 rw-p 0003c000 08:04 6429529                    /usr/lib/jvm/java-11-openjdk-amd64/lib/libjdwp.so
7169a8ad3000-7169a8ad5000 r--p 00000000 08:04 6429530                    /usr/lib/jvm/java-11-openjdk-amd64/lib/libjimage.so
7169a8ad5000-7169a8ad8000 r-xp 00002000 08:04 6429530                    /usr/lib/jvm/java-11-openjdk-amd64/lib/libjimage.so
7169a8ad8000-7169a8ad9000 r--p 00005000 08:04 6429530                    /usr/lib/jvm/java-11-openjdk-amd64/lib/libjimage.so
7169a8ad9000-7169a8ada000 ---p 00006000 08:04 6429530                    /usr/lib/jvm/java-11-openjdk-amd64/lib/libjimage.so
7169a8ada000-7169a8adb000 r--p 00006000 08:04 6429530                    /usr/lib/jvm/java-11-openjdk-amd64/lib/libjimage.so
7169a8adb000-7169a8adc000 rw-p 00007000 08:04 6429530                    /usr/lib/jvm/java-11-openjdk-amd64/lib/libjimage.so
7169a8adc000-7169a8aea000 r--p 00000000 08:04 6429527                    /usr/lib/jvm/java-11-openjdk-amd64/lib/libjava.so
7169a8aea000-7169a8b00000 r-xp 0000e000 08:04 6429527                    /usr/lib/jvm/java-11-openjdk-amd64/lib/libjava.so
7169a8b00000-7169a8b07000 r--p 00024000 08:04 6429527                    /usr/lib/jvm/java-11-openjdk-amd64/lib/libjava.so
7169a8b07000-7169a8b08000 r--p 0002a000 08:04 6429527                    /usr/lib/jvm/java-11-openjdk-amd64/lib/libjava.so
7169a8b08000-7169a8b09000 rw-p 0002b000 08:04 6429527                    /usr/lib/jvm/java-11-openjdk-amd64/lib/libjava.so
7169a8b09000-7169a8b0a000 rw-p 00000000 00:00 0 
7169a8b0a000-7169a8b0b000 r--p 00000000 08:04 5637224                    /usr/lib/x86_64-linux-gnu/librt.so.1
7169a8b0b000-7169a8b0c000 r-xp 00001000 08:04 5637224                    /usr/lib/x86_64-linux-gnu/librt.so.1
7169a8b0c000-7169a8b0d000 r--p 00002000 08:04 5637224                    /usr/lib/x86_64-linux-gnu/librt.so.1
7169a8b0d000-7169a8b0e000 r--p 00002000 08:04 5637224                    /usr/lib/x86_64-linux-gnu/librt.so.1
7169a8b0e000-7169a8b0f000 rw-p 00003000 08:04 5637224                    /usr/lib/x86_64-linux-gnu/librt.so.1
7169a8b0f000-7169a8b12000 r--p 00000000 08:04 5663544                    /usr/lib/x86_64-linux-gnu/libgcc_s.so.1
7169a8b12000-7169a8b29000 r-xp 00003000 08:04 5663544                    /usr/lib/x86_64-linux-gnu/libgcc_s.so.1
7169a8b29000-7169a8b2d000 r--p 0001a000 08:04 5663544                    /usr/lib/x86_64-linux-gnu/libgcc_s.so.1
7169a8b2d000-7169a8b2e000 r--p 0001d000 08:04 5663544                    /usr/lib/x86_64-linux-gnu/libgcc_s.so.1
7169a8b2e000-7169a8b2f000 rw-p 0001e000 08:04 5663544                    /usr/lib/x86_64-linux-gnu/libgcc_s.so.1
7169a8b2f000-7169a8b3d000 r--p 00000000 08:04 5637055                    /usr/lib/x86_64-linux-gnu/libm.so.6
7169a8b3d000-7169a8bb9000 r-xp 0000e000 08:04 5637055                    /usr/lib/x86_64-linux-gnu/libm.so.6
7169a8bb9000-7169a8c14000 r--p 0008a000 08:04 5637055                    /usr/lib/x86_64-linux-gnu/libm.so.6
7169a8c14000-7169a8c15000 r--p 000e4000 08:04 5637055                    /usr/lib/x86_64-linux-gnu/libm.so.6
7169a8c15000-7169a8c16000 rw-p 000e5000 08:04 5637055                    /usr/lib/x86_64-linux-gnu/libm.so.6
7169a8c16000-7169a8c19000 rw-p 00000000 00:00 0 
7169a8c19000-7169a8c1c000 r--p 00000000 08:04 6429512                    /usr/lib/jvm/java-11-openjdk-amd64/lib/jli/libjli.so
7169a8c1c000-7169a8c26000 r-xp 00003000 08:04 6429512                    /usr/lib/jvm/java-11-openjdk-amd64/lib/jli/libjli.so
7169a8c26000-7169a8c29000 r--p 0000d000 08:04 6429512                    /usr/lib/jvm/java-11-openjdk-amd64/lib/jli/libjli.so
7169a8c29000-7169a8c2a000 ---p 00010000 08:04 6429512                    /usr/lib/jvm/java-11-openjdk-amd64/lib/jli/libjli.so
7169a8c2a000-7169a8c2b000 r--p 00010000 08:04 6429512                    /usr/lib/jvm/java-11-openjdk-amd64/lib/jli/libjli.so
7169a8c2b000-7169a8c2c000 rw-p 00011000 08:04 6429512                    /usr/lib/jvm/java-11-openjdk-amd64/lib/jli/libjli.so
7169a8c2c000-7169a8c2e000 r--p 00000000 08:04 5664602                    /usr/lib/x86_64-linux-gnu/libz.so.1.2.11
7169a8c2e000-7169a8c3f000 r-xp 00002000 08:04 5664602                    /usr/lib/x86_64-linux-gnu/libz.so.1.2.11
7169a8c3f000-7169a8c45000 r--p 00013000 08:04 5664602                    /usr/lib/x86_64-linux-gnu/libz.so.1.2.11
7169a8c45000-7169a8c46000 ---p 00019000 08:04 5664602                    /usr/lib/x86_64-linux-gnu/libz.so.1.2.11
7169a8c46000-7169a8c47000 r--p 00019000 08:04 5664602                    /usr/lib/x86_64-linux-gnu/libz.so.1.2.11
7169a8c47000-7169a8c48000 rw-p 0001a000 08:04 5664602                    /usr/lib/x86_64-linux-gnu/libz.so.1.2.11
7169a8c48000-7169a8c49000 ---p 00000000 00:00 0 
7169a8c49000-7169a8c4a000 r--p 00000000 00:00 0 
7169a8c4a000-7169a8c4f000 r--p 00000000 08:04 6429546                    /usr/lib/jvm/java-11-openjdk-amd64/lib/libverify.so
7169a8c4f000-7169a8c56000 r-xp 00005000 08:04 6429546                    /usr/lib/jvm/java-11-openjdk-amd64/lib/libverify.so
7169a8c56000-7169a8c58000 r--p 0000c000 08:04 6429546                    /usr/lib/jvm/java-11-openjdk-amd64/lib/libverify.so
7169a8c58000-7169a8c5a000 r--p 0000d000 08:04 6429546                    /usr/lib/jvm/java-11-openjdk-amd64/lib/libverify.so
7169a8c5a000-7169a8c5b000 rw-p 0000f000 08:04 6429546                    /usr/lib/jvm/java-11-openjdk-amd64/lib/libverify.so
7169a8c5b000-7169a8c5d000 rw-p 00000000 00:00 0 
7169a8c5d000-7169a8c5f000 r--p 00000000 08:04 5637007                    /usr/lib/x86_64-linux-gnu/ld-linux-x86-64.so.2
7169a8c5f000-7169a8c89000 r-xp 00002000 08:04 5637007                    /usr/lib/x86_64-linux-gnu/ld-linux-x86-64.so.2
7169a8c89000-7169a8c94000 r--p 0002c000 08:04 5637007                    /usr/lib/x86_64-linux-gnu/ld-linux-x86-64.so.2
7169a8c95000-7169a8c97000 r--p 00037000 08:04 5637007                    /usr/lib/x86_64-linux-gnu/ld-linux-x86-64.so.2
7169a8c97000-7169a8c99000 rw-p 00039000 08:04 5637007                    /usr/lib/x86_64-linux-gnu/ld-linux-x86-64.so.2
7ffe170d8000-7ffe170f9000 rw-p 00000000 00:00 0                          [stack]
7ffe171dc000-7ffe171e0000 r--p 00000000 00:00 0                          [vvar]
7ffe171e0000-7ffe171e2000 r-xp 00000000 00:00 0                          [vdso]
ffffffffff600000-ffffffffff601000 --xp 00000000 00:00 0                  [vsyscall]


VM Arguments:
jvm_args: -agentlib:jdwp=transport=dt_socket,suspend=y,address=localhost:33351 -javaagent:/home/trab/eclipse/java-2023-12/eclipse/configuration/org.eclipse.osgi/243/0/.cp/lib/javaagent-shaded.jar -Dfile.encoding=UTF-8 -Dstdout.encoding=UTF-8 -Dstderr.encoding=UTF-8 
java_command: vvl.lisp.REPL
java_class_path (initial): /home/trab/Bureau/semestre2_M1/Vérification et Validation de Logiciel/tdd/VVL/TDD2024CODE/bin/main
Launcher Type: SUN_STANDARD

[Global flags]
     intx CICompilerCount                          = 3                                         {product} {ergonomic}
     uint ConcGCThreads                            = 1                                         {product} {ergonomic}
     uint G1ConcRefinementThreads                  = 4                                         {product} {ergonomic}
   size_t G1HeapRegionSize                         = 1048576                                   {product} {ergonomic}
    uintx GCDrainStackTargetSize                   = 64                                        {product} {ergonomic}
   size_t InitialHeapSize                          = 130023424                                 {product} {ergonomic}
   size_t MarkStackSize                            = 4194304                                   {product} {ergonomic}
   size_t MaxHeapSize                              = 2048917504                                {product} {ergonomic}
   size_t MaxNewSize                               = 1228931072                                {product} {ergonomic}
   size_t MinHeapDeltaBytes                        = 1048576                                   {product} {ergonomic}
    uintx NonNMethodCodeHeapSize                   = 5830732                                {pd product} {ergonomic}
    uintx NonProfiledCodeHeapSize                  = 122913754                              {pd product} {ergonomic}
    uintx ProfiledCodeHeapSize                     = 122913754                              {pd product} {ergonomic}
    uintx ReservedCodeCacheSize                    = 251658240                              {pd product} {ergonomic}
     bool SegmentedCodeCache                       = true                                      {product} {ergonomic}
     bool UseCompressedClassPointers               = true                                 {lp64_product} {ergonomic}
     bool UseCompressedOops                        = true                                 {lp64_product} {ergonomic}
     bool UseG1GC                                  = true                                      {product} {ergonomic}

Logging:
Log output configuration:
 #0: stdout all=warning uptime,level,tags
 #1: stderr all=off uptime,level,tags

Environment Variables:
PATH=/home/trab/.local/bin:/usr/local/sbin:/usr/local/bin:/usr/sbin:/usr/bin:/sbin:/bin:/usr/games:/usr/local/games:/snap/bin:/snap/bin
USERNAME=trab
SHELL=/bin/bash
DISPLAY=:0
LANG=fr_FR.UTF-8

Signal Handlers:
SIGSEGV: [libjvm.so+0xead700], sa_mask[0]=11111111011111111101111111111110, sa_flags=SA_RESTART|SA_SIGINFO
SIGBUS: [libjvm.so+0xead700], sa_mask[0]=11111111011111111101111111111110, sa_flags=SA_RESTART|SA_SIGINFO
SIGFPE: [libjvm.so+0xead700], sa_mask[0]=11111111011111111101111111111110, sa_flags=SA_RESTART|SA_SIGINFO
SIGPIPE: [libjvm.so+0xbefa50], sa_mask[0]=11111111011111111101111111111110, sa_flags=SA_RESTART|SA_SIGINFO
SIGXFSZ: [libjvm.so+0xbefa50], sa_mask[0]=11111111011111111101111111111110, sa_flags=SA_RESTART|SA_SIGINFO
SIGILL: [libjvm.so+0xead700], sa_mask[0]=11111111011111111101111111111110, sa_flags=SA_RESTART|SA_SIGINFO
SIGUSR2: [libjvm.so+0xbef8f0], sa_mask[0]=00100000000000000000000000000000, sa_flags=SA_RESTART|SA_SIGINFO
SIGHUP: [libjvm.so+0xbf00b0], sa_mask[0]=11111111011111111101111111111110, sa_flags=SA_RESTART|SA_SIGINFO
SIGINT: [libjvm.so+0xbf00b0], sa_mask[0]=11111111011111111101111111111110, sa_flags=SA_RESTART|SA_SIGINFO
SIGTERM: [libjvm.so+0xbf00b0], sa_mask[0]=11111111011111111101111111111110, sa_flags=SA_RESTART|SA_SIGINFO
SIGQUIT: [libjvm.so+0xbf00b0], sa_mask[0]=11111111011111111101111111111110, sa_flags=SA_RESTART|SA_SIGINFO


---------------  S Y S T E M  ---------------

OS:DISTRIB_ID=Ubuntu
DISTRIB_RELEASE=22.04
DISTRIB_CODENAME=jammy
DISTRIB_DESCRIPTION="Ubuntu 22.04.4 LTS"
uname:Linux 6.5.0-26-generic #26~22.04.1-Ubuntu SMP PREEMPT_DYNAMIC Tue Mar 12 10:22:43 UTC 2 x86_64
OS uptime: 0 days 14:08 hours
libc:glibc 2.35 NPTL 2.35 
rlimit (soft/hard): STACK 8192k/infinity , CORE 0k/infinity , NPROC 30954/30954 , NOFILE 1048576/1048576 , AS infinity/infinity , CPU infinity/infinity , DATA infinity/infinity , FSIZE infinity/infinity , MEMLOCK 1000124k/1000124k
load average:3,52 1,04 0,58

/proc/meminfo:
MemTotal:        8001016 kB
MemFree:         1149184 kB
MemAvailable:    2205928 kB
Buffers:           40200 kB
Cached:          3767668 kB
SwapCached:         9916 kB
Active:          4827040 kB
Inactive:        1424180 kB
Active(anon):    3950700 kB
Inactive(anon):  1081868 kB
Active(file):     876340 kB
Inactive(file):   342312 kB
Unevictable:      137952 kB
Mlocked:              96 kB
SwapTotal:       2097148 kB
SwapFree:        2085556 kB
Zswap:                 0 kB
Zswapped:              0 kB
Dirty:             16196 kB
Writeback:             0 kB
AnonPages:       2571472 kB
Mapped:          2741088 kB
Shmem:           2589136 kB
KReclaimable:     141912 kB
Slab:             288868 kB
SReclaimable:     141912 kB
SUnreclaim:       146956 kB
KernelStack:       23084 kB
PageTables:        42596 kB
SecPageTables:         0 kB
NFS_Unstable:          0 kB
Bounce:                0 kB
WritebackTmp:          0 kB
CommitLimit:     6097656 kB
Committed_AS:   15696212 kB
VmallocTotal:   34359738367 kB
VmallocUsed:       53544 kB
VmallocChunk:          0 kB
Percpu:             3104 kB
HardwareCorrupted:     0 kB
AnonHugePages:         0 kB
ShmemHugePages:        0 kB
ShmemPmdMapped:        0 kB
FileHugePages:         0 kB
FilePmdMapped:         0 kB
Unaccepted:            0 kB
HugePages_Total:       0
HugePages_Free:        0
HugePages_Rsvd:        0
HugePages_Surp:        0
Hugepagesize:       2048 kB
Hugetlb:               0 kB
DirectMap4k:      187700 kB
DirectMap2M:     4933632 kB
DirectMap1G:     4194304 kB

/sys/kernel/mm/transparent_hugepage/enabled:
always [madvise] never
/sys/kernel/mm/transparent_hugepage/defrag (defrag/compaction efforts parameter):
always defer defer+madvise [madvise] never

Process Memory:
Virtual Size: 4876116K (peak: 13425756K)
Resident Set Size: 62388K (peak: 62388K) (anon: 33516K, file: 28872K, shmem: 0K)
Swapped out: 0K
C-Heap outstanding allocations: 17486K, retained: 5341K
glibc malloc tunables: (default)

/proc/sys/kernel/threads-max (system-wide limit on the number of threads):
61909
/proc/sys/vm/max_map_count (maximum number of memory map areas a process may have):
65530
/proc/sys/kernel/pid_max (system-wide limit on number of process identifiers):
4194304

container (cgroup) information:
container_type: cgroupv2
cpu_cpuset_cpus: not supported
cpu_memory_nodes: not supported
active_processor_count: 4
cpu_quota: not supported
cpu_period: not supported
cpu_shares: not supported
memory_limit_in_bytes: unlimited
memory_and_swap_limit_in_bytes: unlimited
memory_soft_limit_in_bytes: unlimited
memory_usage_in_bytes: 4578452 k
memory_max_usage_in_bytes: not supported
memory_swap_current_in_bytes: 4712 k
memory_swap_max_limit_in_bytes: unlimited
maximum number of tasks: 9286
current number of tasks: 982

Steal ticks since vm start: 0
Steal ticks percentage since vm start:  0,000

CPU:total 4 (initial active 4) (2 cores per cpu, 2 threads per core) family 6 model 61 stepping 4 microcode 0x2f, cmov, cx8, fxsr, mmx, sse, sse2, sse3, ssse3, sse4.1, sse4.2, popcnt, avx, avx2, aes, clmul, erms, rtm, 3dnowpref, lzcnt, ht, tsc, tscinvbit, bmi1, bmi2, adx, fma
CPU Model and flags from /proc/cpuinfo:
model name	: Intel(R) Core(TM) i5-5300U CPU @ 2.30GHz
flags		: fpu vme de pse tsc msr pae mce cx8 apic sep mtrr pge mca cmov pat pse36 clflush dts acpi mmx fxsr sse sse2 ss ht tm pbe syscall nx pdpe1gb rdtscp lm constant_tsc arch_perfmon pebs bts rep_good nopl xtopology nonstop_tsc cpuid aperfmperf pni pclmulqdq dtes64 monitor ds_cpl vmx smx est tm2 ssse3 sdbg fma cx16 xtpr pdcm pcid sse4_1 sse4_2 x2apic movbe popcnt tsc_deadline_timer aes xsave avx f16c rdrand lahf_lm abm 3dnowprefetch cpuid_fault epb invpcid_single pti ssbd ibrs ibpb stibp tpr_shadow flexpriority ept vpid ept_ad fsgsbase tsc_adjust bmi1 hle avx2 smep bmi2 erms invpcid rtm rdseed adx smap intel_pt xsaveopt dtherm ida arat pln pts vnmi md_clear flush_l1d
Online cpus:
0-3
Offline cpus:

BIOS frequency limitation:
<Not Available>
Frequency switch latency (ns):
20000
Available cpu frequencies:
<Not Available>
Current governor:
schedutil
Core performance/turbo boost:
<Not Available>

Memory: 4k page, physical 8001016k(1149184k free), swap 2097148k(2085556k free)

vm_info: OpenJDK 64-Bit Server VM (11.0.22+7-post-Ubuntu-0ubuntu222.04.1) for linux-amd64 JRE (11.0.22+7-post-Ubuntu-0ubuntu222.04.1), built on Feb  5 2024 20:45:01 by "unknown" with gcc 11.4.0

END.
